<?xml version="1.0" encoding="UTF-8"?>
<testng-results skipped="0" failed="0" total="3" passed="3">
  <reporter-output>
  </reporter-output>
  <suite name="Default suite" duration-ms="38107" started-at="2017-02-16T00:29:01Z" finished-at="2017-02-16T00:29:39Z">
    <groups>
      <group name="functional">
        <method signature="RedshiftServiceImplTestNG.loadDataToS3()[pri:0, instance:com.latticeengines.redshiftdb.service.impl.RedshiftServiceImplTestNG@442675e1]" name="loadDataToS3" class="com.latticeengines.redshiftdb.service.impl.RedshiftServiceImplTestNG"/>
        <method signature="RedshiftServiceImplTestNG.loadDataToRedshift()[pri:0, instance:com.latticeengines.redshiftdb.service.impl.RedshiftServiceImplTestNG@442675e1]" name="loadDataToRedshift" class="com.latticeengines.redshiftdb.service.impl.RedshiftServiceImplTestNG"/>
        <method signature="RedshiftServiceImplTestNG.queryTable()[pri:0, instance:com.latticeengines.redshiftdb.service.impl.RedshiftServiceImplTestNG@442675e1]" name="queryTable" class="com.latticeengines.redshiftdb.service.impl.RedshiftServiceImplTestNG"/>
      </group> <!-- functional -->
    </groups>
    <test name="Default test" duration-ms="38107" started-at="2017-02-16T00:29:01Z" finished-at="2017-02-16T00:29:39Z">
      <class name="com.latticeengines.redshiftdb.service.impl.RedshiftServiceImplTestNG">
        <test-method status="PASS" signature="springTestContextBeforeTestClass()[pri:0, instance:com.latticeengines.redshiftdb.service.impl.RedshiftServiceImplTestNG@442675e1]" name="springTestContextBeforeTestClass" is-config="true" duration-ms="7" started-at="2017-02-15T16:29:01Z" finished-at="2017-02-15T16:29:01Z">
          <reporter-output>
          </reporter-output>
        </test-method> <!-- springTestContextBeforeTestClass -->
        <test-method status="PASS" signature="springTestContextPrepareTestInstance()[pri:0, instance:com.latticeengines.redshiftdb.service.impl.RedshiftServiceImplTestNG@442675e1]" name="springTestContextPrepareTestInstance" is-config="true" duration-ms="1198" started-at="2017-02-15T16:29:01Z" depends-on-methods="org.springframework.test.context.testng.AbstractTestNGSpringContextTests.springTestContextBeforeTestClass" finished-at="2017-02-15T16:29:02Z">
          <reporter-output>
          </reporter-output>
        </test-method> <!-- springTestContextPrepareTestInstance -->
        <test-method status="PASS" signature="setup()[pri:0, instance:com.latticeengines.redshiftdb.service.impl.RedshiftServiceImplTestNG@442675e1]" name="setup" is-config="true" duration-ms="2459" started-at="2017-02-15T16:29:02Z" finished-at="2017-02-15T16:29:04Z">
          <reporter-output>
          </reporter-output>
        </test-method> <!-- setup -->
        <test-method status="PASS" signature="springTestContextBeforeTestMethod(java.lang.reflect.Method)[pri:0, instance:com.latticeengines.redshiftdb.service.impl.RedshiftServiceImplTestNG@442675e1]" name="springTestContextBeforeTestMethod" is-config="true" duration-ms="0" started-at="2017-02-15T16:29:04Z" finished-at="2017-02-15T16:29:04Z">
          <params>
            <param index="0">
              <value>
                <![CDATA[public void com.latticeengines.redshiftdb.service.impl.RedshiftServiceImplTestNG.loadDataToS3() throws java.net.URISyntaxException]]>
              </value>
            </param>
          </params>
          <reporter-output>
          </reporter-output>
        </test-method> <!-- springTestContextBeforeTestMethod -->
        <test-method status="PASS" signature="loadDataToS3()[pri:0, instance:com.latticeengines.redshiftdb.service.impl.RedshiftServiceImplTestNG@442675e1]" name="loadDataToS3" duration-ms="22502" started-at="2017-02-15T16:29:04Z" finished-at="2017-02-15T16:29:27Z">
          <reporter-output>
          </reporter-output>
        </test-method> <!-- loadDataToS3 -->
        <test-method status="PASS" signature="springTestContextAfterTestMethod(java.lang.reflect.Method)[pri:0, instance:com.latticeengines.redshiftdb.service.impl.RedshiftServiceImplTestNG@442675e1]" name="springTestContextAfterTestMethod" is-config="true" duration-ms="1" started-at="2017-02-15T16:29:27Z" finished-at="2017-02-15T16:29:27Z">
          <params>
            <param index="0">
              <value>
                <![CDATA[public void com.latticeengines.redshiftdb.service.impl.RedshiftServiceImplTestNG.loadDataToS3() throws java.net.URISyntaxException]]>
              </value>
            </param>
          </params>
          <reporter-output>
          </reporter-output>
        </test-method> <!-- springTestContextAfterTestMethod -->
        <test-method status="PASS" signature="springTestContextBeforeTestMethod(java.lang.reflect.Method)[pri:0, instance:com.latticeengines.redshiftdb.service.impl.RedshiftServiceImplTestNG@442675e1]" name="springTestContextBeforeTestMethod" is-config="true" duration-ms="0" started-at="2017-02-15T16:29:27Z" finished-at="2017-02-15T16:29:27Z">
          <params>
            <param index="0">
              <value>
                <![CDATA[public void com.latticeengines.redshiftdb.service.impl.RedshiftServiceImplTestNG.loadDataToRedshift()]]>
              </value>
            </param>
          </params>
          <reporter-output>
          </reporter-output>
        </test-method> <!-- springTestContextBeforeTestMethod -->
        <test-method status="PASS" signature="loadDataToRedshift()[pri:0, instance:com.latticeengines.redshiftdb.service.impl.RedshiftServiceImplTestNG@442675e1]" name="loadDataToRedshift" duration-ms="9365" started-at="2017-02-15T16:29:27Z" depends-on-methods="com.latticeengines.redshiftdb.service.impl.RedshiftServiceImplTestNG.loadDataToS3" finished-at="2017-02-15T16:29:36Z">
          <reporter-output>
          </reporter-output>
        </test-method> <!-- loadDataToRedshift -->
        <test-method status="PASS" signature="springTestContextAfterTestMethod(java.lang.reflect.Method)[pri:0, instance:com.latticeengines.redshiftdb.service.impl.RedshiftServiceImplTestNG@442675e1]" name="springTestContextAfterTestMethod" is-config="true" duration-ms="0" started-at="2017-02-15T16:29:36Z" finished-at="2017-02-15T16:29:36Z">
          <params>
            <param index="0">
              <value>
                <![CDATA[public void com.latticeengines.redshiftdb.service.impl.RedshiftServiceImplTestNG.loadDataToRedshift()]]>
              </value>
            </param>
          </params>
          <reporter-output>
          </reporter-output>
        </test-method> <!-- springTestContextAfterTestMethod -->
        <test-method status="PASS" signature="springTestContextBeforeTestMethod(java.lang.reflect.Method)[pri:0, instance:com.latticeengines.redshiftdb.service.impl.RedshiftServiceImplTestNG@442675e1]" name="springTestContextBeforeTestMethod" is-config="true" duration-ms="1" started-at="2017-02-15T16:29:36Z" finished-at="2017-02-15T16:29:36Z">
          <params>
            <param index="0">
              <value>
                <![CDATA[public void com.latticeengines.redshiftdb.service.impl.RedshiftServiceImplTestNG.queryTable()]]>
              </value>
            </param>
          </params>
          <reporter-output>
          </reporter-output>
        </test-method> <!-- springTestContextBeforeTestMethod -->
        <test-method status="PASS" signature="queryTable()[pri:0, instance:com.latticeengines.redshiftdb.service.impl.RedshiftServiceImplTestNG@442675e1]" name="queryTable" duration-ms="370" started-at="2017-02-15T16:29:36Z" depends-on-methods="com.latticeengines.redshiftdb.service.impl.RedshiftServiceImplTestNG.loadDataToRedshift" finished-at="2017-02-15T16:29:37Z">
          <reporter-output>
          </reporter-output>
        </test-method> <!-- queryTable -->
        <test-method status="PASS" signature="springTestContextAfterTestMethod(java.lang.reflect.Method)[pri:0, instance:com.latticeengines.redshiftdb.service.impl.RedshiftServiceImplTestNG@442675e1]" name="springTestContextAfterTestMethod" is-config="true" duration-ms="1" started-at="2017-02-15T16:29:37Z" finished-at="2017-02-15T16:29:37Z">
          <params>
            <param index="0">
              <value>
                <![CDATA[public void com.latticeengines.redshiftdb.service.impl.RedshiftServiceImplTestNG.queryTable()]]>
              </value>
            </param>
          </params>
          <reporter-output>
          </reporter-output>
        </test-method> <!-- springTestContextAfterTestMethod -->
        <test-method status="PASS" signature="tearDown()[pri:0, instance:com.latticeengines.redshiftdb.service.impl.RedshiftServiceImplTestNG@442675e1]" name="tearDown" is-config="true" duration-ms="2186" started-at="2017-02-15T16:29:37Z" finished-at="2017-02-15T16:29:39Z">
          <reporter-output>
          </reporter-output>
        </test-method> <!-- tearDown -->
        <test-method status="PASS" signature="springTestContextAfterTestClass()[pri:0, instance:com.latticeengines.redshiftdb.service.impl.RedshiftServiceImplTestNG@442675e1]" name="springTestContextAfterTestClass" is-config="true" duration-ms="1" started-at="2017-02-15T16:29:39Z" finished-at="2017-02-15T16:29:39Z">
          <reporter-output>
          </reporter-output>
        </test-method> <!-- springTestContextAfterTestClass -->
      </class> <!-- com.latticeengines.redshiftdb.service.impl.RedshiftServiceImplTestNG -->
    </test> <!-- Default test -->
  </suite> <!-- Default suite -->
</testng-results>
