<?xml version="1.0" encoding="UTF-8"?>
<!-- Generated by org.testng.reporters.JUnitXMLReporter -->
<testsuite hostname="LE-660230.local" name="Default test" tests="3" failures="0" timestamp="16 Feb 2017 00:29:39 GMT" time="38.107" errors="0">
  <testcase name="loadDataToS3" time="22.502" classname="com.latticeengines.redshiftdb.service.impl.RedshiftServiceImplTestNG"/>
  <testcase name="loadDataToRedshift" time="9.365" classname="com.latticeengines.redshiftdb.service.impl.RedshiftServiceImplTestNG"/>
  <testcase name="queryTable" time="0.37" classname="com.latticeengines.redshiftdb.service.impl.RedshiftServiceImplTestNG"/>
</testsuite> <!-- Default test -->
